<?xml version="1.0" encoding="utf-8"?>
<nameSpaceData>
    <fields>
        <field>
            <name>AccountInformation1.AccountSourceOfFundsOther</name>
            <value></value>
        </field>
        <field>
            <name>Beneficiary1.BeneficiaryType</name>
            <value>1</value>
        </field>
        <field>
            <name>Owner1.MailingAddrCity</name>
            <value/>
        </field>
        <field>
            <name>AccountInformation1.AccountType</name>
            <value>R</value>
        </field>        
        <field>
            <name>Owner1.PortfolioTimeHoriz</name>
            <value>2</value>
        </field>
        <field>
            <name>Beneficiary1.FirstName</name>
            <value>voya trust</value>
        </field>
        <field>
            <name>Owner1.Gender</name>
            <value>2</value>
        </field>
        <field>
            <name>Owner1.PortfolioObjGrowth</name>
            <value>4</value>
        </field>
        <field>
            <name>PARAM.PRODUCTTYPE.ID</name>
            <value>24</value>
        </field>
        <field>
            <name>Rep1.RepNumber</name>
            <value>224491</value>
        </field>
        <field>
            <name>Owner1.DateOfBirth</name>
            <value>01/01/1966</value>
        </field>
        <field>
            <name>Owner1.HomeEmailAddr</name>
            <value>chandraccp@voya.com</value>
        </field>
        <field>
            <name>Owner1.GovtIDTypeOther</name>
            <value/>
        </field>
        <field>
            <name>Owner1.Employer</name>
            <value/>
        </field>
        <field>
            <name>Owner1.PoliticalOfficialInfo</name>
            <value/>
        </field>
        <field>
            <name>Owner1.Citizenship</name>
            <value></value>
        </field>
        <field>
            <name>Owner1.OfficeAddrCountry</name>
            <value/>
        </field>
        <field>
            <name>User.D175.InvestmentAmtFixedAnnuities</name>
            <value>0</value>
        </field>
        <field>
            <name>PARAM.REGTYPE.ID</name>
            <value>34</value>
        </field>
        <field>
            <name>PARAM.PRODUCTNAME</name>
            <value>Brokerage Non-Qual</value>
        </field>
        <field>
            <name>Owner1.HomeAddrState</name>
            <value>PA</value>
        </field>
        <field>
            <name>User.D175.InvestmentAmtFixedAndVariableUniversalLife</name>
            <value>0</value>
        </field>
        <field>
            <name>Beneficiary1.HomeAddrState</name>
            <value/>
        </field>
        <field>
            <name>Owner1.OfficeAddrCity</name>
            <value/>
        </field>
        <field>
            <name>Owner1.MailingAddrState</name>
            <value/>
        </field>
        <field>
            <name>Owner1.Suffix</name>
            <value/>
        </field>
        <field>
            <name>Owner1.HomeCountry</name>
            <value>US</value>
        </field>
        <field>
            <name>User.D175.ForeignFinancialInstitution.Type</name>
            <value>No</value>
        </field>
        <field>
            <name>User.D175.InvestmentAmtVA</name>
            <value>0</value>
        </field>
        <field>
            <name>User.D175.BackupWithholding</name>
            <value>0</value>
        </field>
        <field>
            <name>Beneficiary1.DependentsNumber</name>
            <value/>
        </field>
        <field>
            <name>Owner1.MailingAddrAllLines</name>
            <value/>
        </field>
        <field>
            <name>INGFP34022.txt1.06</name>
            <value/>
        </field>
        <field>
            <name>Owner1.IncomeAmtHigh</name>
            <value>60000</value>
        </field>
        <field>
            <name>INGFP34022.txt1.02</name>
            <value/>
        </field>
        <field>
            <name>Beneficiary1.SocSecNumber</name>
            <value/>
        </field>
        <field>
            <name>Owner1.GovtIDState</name>
            <value/>
        </field>
        <field>
            <name>Owner1.PoliticalOfficial</name>
            <value>No</value>
        </field>
        <field>
            <name>User.D175.PershingRetailAccount.Type</name>
            <value>1</value>
        </field>
        <field>
            <name>User.D175.PershingRetailAccount.Desc</name>
            <value></value>
        </field>
        <field>
            <name>User.D175.InvestmentAmtMF</name>
            <value>0</value>
        </field>
        <field>
            <name>AccountInformation1.AccountRegistrationType</name>
            <value/>
        </field>
        <field>
            <name>User.D175.ForeignBankingAcct.Type</name>
            <value>No</value>
        </field>
        <field>
            <name>Beneficiary1.BeneficiaryPerStirpes</name>
            <value>0</value>
        </field>
        <field>
            <name>1acc.RegType</name>
            <value>Other</value>
        </field>
        <field>
            <name>1own.InvestExperTypeMutualFund</name>
            <value>4</value>
        </field>
        <field>
            <name>PARAM.ACCTCLASS.ID</name>
            <value>52</value>
        </field>
        <field>
            <name>Beneficiary1.CitizenshipType</name>
            <value>United States</value>
        </field>
        <field>
            <name>1own.InvestExperTypeVariableContract</name>
            <value>3</value>
        </field>
        <field>
            <name>Owner1.GovtIDNumber</name>
            <value/>
        </field>
        <field>
            <name>Beneficiary1.DateOfBirth</name>
            <value>01/01/2001</value>
        </field>
        <field>
            <name>Owner1.FirstName</name>
            <value>HAYLEY</value>
        </field>
        <field>
            <name>Owner1.BrokerDealerRelated</name>
            <value>No</value>
        </field>
        <field>
            <name>Owner1.OfficeAddrZip</name>
            <value/>
        </field>
        <field>
            <name>Owner1.GovtIDIssueDate</name>
            <value/>
        </field>
        <field>
            <name>Owner1.ExchangeName</name>
            <value/>
        </field>
        <field>
            <name>Beneficiary1.BeneficiaryPerc</name>
            <value>100</value>
        </field>
        <field>
            <name>Owner1.Occupation</name>
            <value/>
        </field>
        <field>
            <name>User.D175.SourceOfInitialInvestmentAmtType</name>
            <value/>
        </field>
        <field>
            <name>Owner1.HomePhone</name>
            <value>2155496206</value>
        </field>
        <field>
            <name>Owner1.PublicCoInterest</name>
            <value>No</value>
        </field>
        <field>
            <name>Owner1.FederalTaxBracketRange</name>
            <value>2</value>
        </field>
        <field>
            <name>User.D175.InvestmentAmtCDs</name>
            <value>0</value>
        </field>
        <field>
            <name>Beneficiary1.LastName</name>
            <value>voya trust</value>
        </field>
        <field>
            <name>Owner1.OfficeAddrState</name>
            <value/>
        </field>
        <field>
            <name>Owner1.PortfolioObjIncome</name>
            <value>2</value>
        </field>
        <field>
            <name>Owner1.OfficePhone</name>
            <value/>
        </field>
        <field>
            <name>Owner1.HomeAddrZip</name>
            <value>19141</value>
        </field>
        <field>
            <name>Owner1.GovtIDType</name>
            <value/>
        </field>
        <field>
            <name>INGFP33929.chk1.41</name>
            <value>4</value>
        </field>
        <field>
            <name>Beneficiary1.HomeAddrCity</name>
            <value/>
        </field>
        <field>
            <name>Beneficiary1.FullName</name>
            <value>voya trust</value>
        </field>
        <field>
            <name>Owner1.HomeAddrCity</name>
            <value>Philadelphia</value>
        </field>
        <field>
            <name>Owner1.RiskTolerance</name>
            <value>2</value>
        </field>
        <field>
            <name>AccountInformation1.NewAccount</name>
            <value>1</value>
        </field>
        <field>
            <name>Owner1.HomeAddrAllLines</name>
            <value>5501 N 11TH STREET</value>
        </field>
        <field>
            <name>AccountInformation1.InitAmt</name>
            <value>5000</value>
        </field>
        <field>
            <name>INGFP34022.chk1.02</name>
            <value>1</value>
        </field>
        <field>
            <name>Owner1.GovtIDExpire</name>
            <value/>
        </field>
        <field>
            <name>User.D175.InvestmentAmtESP</name>
            <value>0</value>
        </field>
        <field>
            <name>1own.InvestExperTypeFixedIncome</name>
            <value>4</value>
        </field>
        <field>
            <name>Owner1.LiquidAssetsAmtHigh</name>
            <value>99900</value>
        </field>
        <field>
            <name>Owner1.InvestKnowledge</name>
            <value>3</value>
        </field>
        <field>
            <name>Owner1.EmployStatus</name>
            <value>4</value>
        </field>
        <field>
            <name>Beneficiary1.HomeCountry</name>
            <value>United States</value>
        </field>
        <field>
            <name>1own.InvestExperTypeVUL</name>
            <value>3</value>
        </field>
        <field>
            <name>Beneficiary1.RelationshipToClient</name>
            <value>Trust</value>
        </field>
        <field>
            <name>AccountInformation1.AccountSourceOfFunds</name>
            <value>2</value>
        </field>
        <field>
            <name>INGFP34022.chk1.01</name>
            <value>1</value>
        </field>
        <field>
            <name>Owner1.MaritalStatus</name>
            <value>2</value>
        </field>
        <field>
            <name>Owner1.BrokerDealerOtherEmployee</name>
            <value>No</value>
        </field>
        <field>
            <name>Owner1.BrokerDealerOtherRelatedBDName</name>
            <value/>
        </field>
        <field>
            <name>User.D175.InvestmentAmtAltInvestments</name>
            <value>0</value>
        </field>
        <field>
            <name>Owner1.LastName</name>
            <value>REYES</value>
        </field>
        <field>
            <name>AccountInformation1.AccountSourceOfFunds</name>
            <value>5</value>
        </field>
        <field>
            <name>User.D175.InvestmentAmtStocks</name>
            <value>0</value>
        </field>
        <field>
            <name>Owner1.OfficeAddrAllLines</name>
            <value/>
        </field>
        <field>
            <name>Beneficiary1.HomeAddrZip</name>
            <value/>
        </field>
        <field>
            <name>PARAM.REQUESTGROUP.ID</name>
            <value>8</value>
        </field>
        <field>
            <name>Owner1.MailingAddrCountry</name>
            <value/>
        </field>
        <field>
            <name>1own.InvestExperTypeEquities</name>
            <value>3</value>
        </field>
        <field>
            <name>PARAM.ACCTOPTION</name>
            <value>Individual</value>
        </field>
        <field>
            <name>User.D175.InvestmentAmtOther</name>
            <value>0</value>
        </field>
        <field>
            <name>1own.InvestExperTypeOther</name>
            <value>3</value>
        </field>
        <field>
            <name>Owner1.EmployerIndustry</name>
            <value/>
        </field>
        <field>
            <name>Owner1.ExchangeRelated</name>
            <value>No</value>
        </field>
        <field>
            <name>Owner1.PortfolioObjSpeculation</name>
            <value>6</value>
        </field>
        <field>
            <name>Beneficiary1.HomeAddrAllLines</name>
            <value/>
        </field>
        <field>
            <name>User.D175.InvestmentAmtBank</name>
            <value>30000</value>
        </field>
        <field>
            <name>User.D175.BackupWithholding</name>
            <value>0</value>
        </field>
        <field>
            <name>Owner1.PublicCoName</name>
            <value/>
        </field>
        <field>
            <name>Beneficiary1.Gender</name>
            <value/>
        </field>
        <field>
            <name>Owner1.PortfolioObjCapitalPreserv</name>
            <value>1</value>
        </field>
        <field>
            <name>Beneficiary1.HomeFullAddr</name>
            <value/>
        </field>
        <field>
            <name>Owner1.SocSecNumber</name>
            <value>666544422</value>
        </field>
        <field>
            <name>PARAM.VENDOR.ID</name>
            <value>2452</value>
        </field>
        <field>
            <name>Owner1.MailingAddrZip</name>
            <value/>
        </field>
        <field>
            <name>1own.InvestExperTypeLLP</name>
            <value>3</value>
        </field>
        <field>
            <name>1own.LiquidityNeeds.Range</name>
            <value>2</value>
        </field>
        <field>
            <name>Owner1.MiddleName</name>
            <value/>
        </field>
        <field>
            <name>1own.PortObjAggressiveGrowth</name>
            <value>5</value>
        </field>
        <field>
            <name>Owner1.DependentsNumber</name>
            <value>1</value>
        </field>
        <field>
            <name>Owner1.CitizenshipType</name>
            <value>1</value>
        </field>
        <field>
            <name>1own.PortObjGrowthAndIncome</name>
            <value>3</value>
        </field>
        <field>
            <name>User.D175.PrivateBankingAcct.Type</name>
            <value>No</value>
        </field>
        <field>
            <name>1own.InvestExperTypeAltInvest</name>
            <value>3</value>
        </field>
        <field>
            <name>1own.InvestExperTypeOption</name>
            <value>3</value>
        </field>
        <field>
        		<name>Owner1.SignDate</name>
        		<value>02/24/2016</value>
        </field>
    </fields>
</nameSpaceData>
